2025-08-08 20:21:53,567 DEBUG    root            Loaded Command Group: ['gcloud', 'components']
2025-08-08 20:21:53,569 DEBUG    root            Loaded Command Group: ['gcloud', 'components', 'update']
2025-08-08 20:21:53,571 DEBUG    root            Running [gcloud.components.update] with arguments: [--quiet: "True", COMPONENT-IDS:8: "['gcloud', 'core', 'bq', 'gsutil', 'compute', 'preview', 'alpha', 'beta']"]
2025-08-08 20:21:53,572 INFO     ___FILE_ONLY___ Beginning update. This process may take several minutes.

2025-08-08 20:21:53,581 DEBUG    urllib3.connectionpool Starting new HTTPS connection (1): dl.google.com:443
2025-08-08 20:21:53,786 DEBUG    urllib3.connectionpool https://dl.google.com:443 "GET /dl/cloudsdk/channels/rapid/components-2.json HTTP/11" 200 239806
2025-08-08 20:21:53,800 WARNING  root            Component [compute] no longer exists.
2025-08-08 20:21:53,801 INFO     ___FILE_ONLY___ 

2025-08-08 20:21:53,801 INFO     ___FILE_ONLY___ 
Your current Google Cloud CLI version is: 533.0.0

2025-08-08 20:21:53,801 INFO     ___FILE_ONLY___ Installing components from version: 533.0.0

2025-08-08 20:21:53,802 INFO     ___FILE_ONLY___ 

2025-08-08 20:21:53,802 DEBUG    root            Chosen display Format:table[box,title="These components will be removed."](details.display_name:label=Name:align=left,version.version_string:label=Version:align=right,data.size.size(zero="",min=1048576):label=Size:align=right)
2025-08-08 20:21:53,802 DEBUG    root            Chosen display Format:table[box,title="These components will be updated."](details.display_name:label=Name:align=left,version.version_string:label=Version:align=right,data.size.size(zero="",min=1048576):label=Size:align=right)
2025-08-08 20:21:53,803 DEBUG    root            Chosen display Format:table[box,title="These components will be installed."](details.display_name:label=Name:align=left,version.version_string:label=Version:align=right,data.size.size(zero="",min=1048576):label=Size:align=right)
2025-08-08 20:21:53,817 INFO     ___FILE_ONLY___ ┌────────────────────────────────────────────────┐
2025-08-08 20:21:53,817 INFO     ___FILE_ONLY___ 

2025-08-08 20:21:53,817 INFO     ___FILE_ONLY___ │      These components will be installed.       │
2025-08-08 20:21:53,817 INFO     ___FILE_ONLY___ 

2025-08-08 20:21:53,817 INFO     ___FILE_ONLY___ ├─────────────────────────┬────────────┬─────────┤
2025-08-08 20:21:53,817 INFO     ___FILE_ONLY___ 

2025-08-08 20:21:53,817 INFO     ___FILE_ONLY___ │           Name          │  Version   │   Size  │
2025-08-08 20:21:53,817 INFO     ___FILE_ONLY___ 

2025-08-08 20:21:53,817 INFO     ___FILE_ONLY___ ├─────────────────────────┼────────────┼─────────┤
2025-08-08 20:21:53,817 INFO     ___FILE_ONLY___ 

2025-08-08 20:21:53,817 INFO     ___FILE_ONLY___ │ 
2025-08-08 20:21:53,817 INFO     ___FILE_ONLY___ gcloud Alpha Commands  
2025-08-08 20:21:53,817 INFO     ___FILE_ONLY___  
2025-08-08 20:21:53,818 INFO     ___FILE_ONLY___ │ 
2025-08-08 20:21:53,818 INFO     ___FILE_ONLY___ 2025.08.01
2025-08-08 20:21:53,818 INFO     ___FILE_ONLY___  
2025-08-08 20:21:53,818 INFO     ___FILE_ONLY___ │ 
2025-08-08 20:21:53,818 INFO     ___FILE_ONLY___ < 1 MiB
2025-08-08 20:21:53,818 INFO     ___FILE_ONLY___  
2025-08-08 20:21:53,818 INFO     ___FILE_ONLY___ │
2025-08-08 20:21:53,818 INFO     ___FILE_ONLY___ 

2025-08-08 20:21:53,818 INFO     ___FILE_ONLY___ │ 
2025-08-08 20:21:53,818 INFO     ___FILE_ONLY___ gcloud Beta Commands   
2025-08-08 20:21:53,818 INFO     ___FILE_ONLY___  
2025-08-08 20:21:53,818 INFO     ___FILE_ONLY___ │ 
2025-08-08 20:21:53,818 INFO     ___FILE_ONLY___ 2025.08.01
2025-08-08 20:21:53,818 INFO     ___FILE_ONLY___  
2025-08-08 20:21:53,818 INFO     ___FILE_ONLY___ │ 
2025-08-08 20:21:53,818 INFO     ___FILE_ONLY___ < 1 MiB
2025-08-08 20:21:53,818 INFO     ___FILE_ONLY___  
2025-08-08 20:21:53,818 INFO     ___FILE_ONLY___ │
2025-08-08 20:21:53,819 INFO     ___FILE_ONLY___ 

2025-08-08 20:21:53,819 INFO     ___FILE_ONLY___ │ 
2025-08-08 20:21:53,819 INFO     ___FILE_ONLY___ gcloud Preview Commands
2025-08-08 20:21:53,819 INFO     ___FILE_ONLY___  
2025-08-08 20:21:53,819 INFO     ___FILE_ONLY___ │ 
2025-08-08 20:21:53,819 INFO     ___FILE_ONLY___           
2025-08-08 20:21:53,819 INFO     ___FILE_ONLY___  
2025-08-08 20:21:53,819 INFO     ___FILE_ONLY___ │ 
2025-08-08 20:21:53,819 INFO     ___FILE_ONLY___ < 1 MiB
2025-08-08 20:21:53,819 INFO     ___FILE_ONLY___  
2025-08-08 20:21:53,819 INFO     ___FILE_ONLY___ │
2025-08-08 20:21:53,819 INFO     ___FILE_ONLY___ 

2025-08-08 20:21:53,819 INFO     ___FILE_ONLY___ └─────────────────────────┴────────────┴─────────┘
2025-08-08 20:21:53,819 INFO     ___FILE_ONLY___ 

2025-08-08 20:21:53,819 INFO     ___FILE_ONLY___ 

2025-08-08 20:21:53,823 DEBUG    urllib3.connectionpool Starting new HTTPS connection (1): dl.google.com:443
2025-08-08 20:21:54,036 DEBUG    urllib3.connectionpool https://dl.google.com:443 "GET /dl/cloudsdk/channels/rapid/RELEASE_NOTES HTTP/11" 200 1462763
2025-08-08 20:21:54,510 INFO     ___FILE_ONLY___ For the latest full release notes, please visit:
  https://cloud.google.com/sdk/release_notes


2025-08-08 20:21:54,510 INFO     ___FILE_ONLY___ Performing in place update...


2025-08-08 20:21:54,512 INFO     ___FILE_ONLY___ ╔════════════════════════════════════════════════════════════╗

2025-08-08 20:21:54,512 INFO     ___FILE_ONLY___ ╠═ Downloading: gcloud Alpha Commands                       ═╣

2025-08-08 20:21:54,512 INFO     ___FILE_ONLY___ ╚
2025-08-08 20:21:54,515 DEBUG    urllib3.connectionpool Starting new HTTPS connection (1): dl.google.com:443
2025-08-08 20:21:54,731 DEBUG    urllib3.connectionpool https://dl.google.com:443 "GET /dl/cloudsdk/channels/rapid/components/google-cloud-sdk-alpha-20250801150402.tar.gz HTTP/11" 200 800
2025-08-08 20:21:54,732 INFO     ___FILE_ONLY___ ════════════════════════════════════════════════════════════
2025-08-08 20:21:54,732 INFO     ___FILE_ONLY___ ╝

2025-08-08 20:21:54,734 INFO     ___FILE_ONLY___ ╔════════════════════════════════════════════════════════════╗

2025-08-08 20:21:54,734 INFO     ___FILE_ONLY___ ╠═ Downloading: gcloud Beta Commands                        ═╣

2025-08-08 20:21:54,734 INFO     ___FILE_ONLY___ ╚
2025-08-08 20:21:54,738 DEBUG    urllib3.connectionpool Starting new HTTPS connection (1): dl.google.com:443
2025-08-08 20:21:54,975 DEBUG    urllib3.connectionpool https://dl.google.com:443 "GET /dl/cloudsdk/channels/rapid/components/google-cloud-sdk-beta-20250801150402.tar.gz HTTP/11" 200 797
2025-08-08 20:21:54,975 INFO     ___FILE_ONLY___ ════════════════════════════════════════════════════════════
2025-08-08 20:21:54,976 INFO     ___FILE_ONLY___ ╝

2025-08-08 20:21:54,978 INFO     ___FILE_ONLY___ ╔════════════════════════════════════════════════════════════╗

2025-08-08 20:21:54,978 INFO     ___FILE_ONLY___ ╠═ Downloading: gcloud Preview Commands                     ═╣

2025-08-08 20:21:54,978 INFO     ___FILE_ONLY___ ╚
2025-08-08 20:21:54,981 DEBUG    urllib3.connectionpool Starting new HTTPS connection (1): dl.google.com:443
2025-08-08 20:21:55,220 DEBUG    urllib3.connectionpool https://dl.google.com:443 "GET /dl/cloudsdk/channels/rapid/components/google-cloud-sdk-preview-20241115154308.tar.gz HTTP/11" 200 823
2025-08-08 20:21:55,221 INFO     ___FILE_ONLY___ ════════════════════════════════════════════════════════════
2025-08-08 20:21:55,221 INFO     ___FILE_ONLY___ ╝

2025-08-08 20:21:55,223 INFO     ___FILE_ONLY___ ╔════════════════════════════════════════════════════════════╗

2025-08-08 20:21:55,223 INFO     ___FILE_ONLY___ ╠═ Installing: gcloud Alpha Commands                        ═╣

2025-08-08 20:21:55,223 INFO     ___FILE_ONLY___ ╚
2025-08-08 20:21:55,224 INFO     ___FILE_ONLY___ ════════════════════════════════════════════════════════════
2025-08-08 20:21:55,225 INFO     ___FILE_ONLY___ ╝

2025-08-08 20:21:55,231 INFO     ___FILE_ONLY___ ╔════════════════════════════════════════════════════════════╗

2025-08-08 20:21:55,231 INFO     ___FILE_ONLY___ ╠═ Installing: gcloud Beta Commands                         ═╣

2025-08-08 20:21:55,231 INFO     ___FILE_ONLY___ ╚
2025-08-08 20:21:55,232 INFO     ___FILE_ONLY___ ════════════════════════════════════════════════════════════
2025-08-08 20:21:55,232 INFO     ___FILE_ONLY___ ╝

2025-08-08 20:21:55,237 INFO     ___FILE_ONLY___ ╔════════════════════════════════════════════════════════════╗

2025-08-08 20:21:55,237 INFO     ___FILE_ONLY___ ╠═ Installing: gcloud Preview Commands                      ═╣

2025-08-08 20:21:55,238 INFO     ___FILE_ONLY___ ╚
2025-08-08 20:21:55,238 INFO     ___FILE_ONLY___ ════════════════════════════════════════════════════════════
2025-08-08 20:21:55,239 INFO     ___FILE_ONLY___ ╝

2025-08-08 20:21:55,244 DEBUG    root            Updating notification cache...
2025-08-08 20:21:55,244 INFO     ___FILE_ONLY___ 

2025-08-08 20:21:55,246 INFO     ___FILE_ONLY___ Performing post processing steps...
2025-08-08 20:21:55,246 DEBUG    root            Executing command: ['/tools/google-cloud-sdk/bin/gcloud', 'components', 'post-process']
2025-08-08 20:22:03,840 DEBUG    ___FILE_ONLY___ 
2025-08-08 20:22:03,840 DEBUG    ___FILE_ONLY___ 
2025-08-08 20:22:04,008 INFO     root            descriptor_list: [{'universeDomain': 'googleapis.com', 'universeShortName': '', 'authenticationDomain': 'auth.cloud.google.com', 'projectPrefix': '', 'cloudWebDomain': 'cloud.google.com', 'documentationDomain': 'cloud.google.com', 'version': '1.0.0', 'state': 'primary', 'artifactRegistryDomain': 'pkg.dev'}]
2025-08-08 20:22:04,009 INFO     ___FILE_ONLY___ 
Update done!


2025-08-08 20:22:04,011 DEBUG    root            Chosen display Format:none
2025-08-08 20:22:04,011 INFO     root            Display format: "none"
